#
# A fatal error has been detected by the Java Runtime Environment:
#
#  EXCEPTION_ACCESS_VIOLATION (0xc0000005) at pc=0x00007ffb7f6cc66b, pid=11948, tid=14908
#
# JRE version: Java(TM) SE Runtime Environment (13.0.1+9) (build 13.0.1+9)
# Java VM: Java HotSpot(TM) 64-Bit Server VM (13.0.1+9, mixed mode, sharing, tiered, compressed oops, g1 gc, windows-amd64)
# Problematic frame:
# V  [jvm.dll+0x5dc66b]
#
# No core dump will be written. Minidumps are not enabled by default on client versions of Windows
#
# If you would like to submit a bug report, please visit:
#   http://bugreport.java.com/bugreport/crash.jsp
#

---------------  S U M M A R Y ------------

Command Line: -Dfile.encoding=UTF-8 -agentpath:C:/Program Files/NetBeans-11.2/netbeans/profiler/lib/deployed/jdk16/windows-amd64/profilerinterface.dll=C:\Program Files\NetBeans-11.2\netbeans\profiler\lib,5140,10 -XX:+HeapDumpOnOutOfMemoryError -XX:HeapDumpPath=C:\Users\Esada Licina\BSP\GCD__Algorithms\nbproject\private\profiler MainFrame

Host: Intel(R) Core(TM) i5-8265U CPU @ 1.60GHz, 8 cores, 7G,  Windows 10 , 64 bit Build 17763 (10.0.17763.475)
Time: Sat Dec 14 14:23:15 2019 Mitteleuropäische Zeit elapsed time: 126 seconds (0d 0h 2m 6s)

---------------  T H R E A D  ---------------

Current thread (0x000001a44a4e4800):  JavaThread "*** Profiler Agent Communication Thread" daemon [_thread_in_vm, id=14908, stack(0x0000009b0d100000,0x0000009b0d200000)]

Stack: [0x0000009b0d100000,0x0000009b0d200000],  sp=0x0000009b0d1feea0,  free space=1019k
Native frames: (J=compiled Java code, j=interpreted, Vv=VM code, C=native code)
V  [jvm.dll+0x5dc66b]
V  [jvm.dll+0x4a8d14]
C  [profilerinterface.dll+0x34da]

Java frames: (J=compiled Java code, j=interpreted, Vv=VM code)
j  org.netbeans.lib.profiler.server.system.Stacks.getMethodNamesForJMethodIds(I[I[I)[B+0
j  org.netbeans.lib.profiler.server.ProfilerInterface.getMethodNamesForJMethodIds([I)Lorg/netbeans/lib/profiler/wireprotocol/MethodNamesResponse;+20
j  org.netbeans.lib.profiler.server.ProfilerServer.handleClientCommand(Lorg/netbeans/lib/profiler/wireprotocol/Command;)V+691
j  org.netbeans.lib.profiler.server.ProfilerServer.listenToClient()V+48
j  org.netbeans.lib.profiler.server.ProfilerServer.run()V+22
v  ~StubRoutines::call_stub

siginfo: EXCEPTION_ACCESS_VIOLATION (0xc0000005), reading address 0x000000004aeb62c8


Register to memory mapping:

RIP=0x00007ffb7f6cc66b jvm.dll
RAX=0x0000009b0d1fee01 is pointing into the stack for thread: 0x000001a44a4e4800
RBX=0x000001a44a4e4800 is a thread
RCX=0x000000004aeb62c8 is an unknown value
RDX=0x000001a44a4e4800 is a thread
RSP=0x0000009b0d1feea0 is pointing into the stack for thread: 0x000001a44a4e4800
RBP=0x000000004aeb62c8 is an unknown value
RSI=0x0000009b0d1fefc0 is pointing into the stack for thread: 0x000001a44a4e4800
RDI=0x000001a428aff690 points into unknown readable memory: a0 cd af 7f fb 7f 00 00
R8 =0x0000009b0d1fefc0 is pointing into the stack for thread: 0x000001a44a4e4800
R9 =0x0000000000000438 is an unknown value
R10=0x0000000000000001 is an unknown value
R11=0x0000009b0d1fee98 is pointing into the stack for thread: 0x000001a44a4e4800
R12=0x000001a44c85b020 points into unknown readable memory: c8 62 eb 4a 68 87 5e 4a
R13=0x000000000000001b is an unknown value
R14=0x00007ffbc21a9c68 profilerinterface.dll
R15=0x00007ffbc21a9a60 profilerinterface.dll


Registers:
RAX=0x0000009b0d1fee01, RBX=0x000001a44a4e4800, RCX=0x000000004aeb62c8, RDX=0x000001a44a4e4800
RSP=0x0000009b0d1feea0, RBP=0x000000004aeb62c8, RSI=0x0000009b0d1fefc0, RDI=0x000001a428aff690
R8 =0x0000009b0d1fefc0, R9 =0x0000000000000438, R10=0x0000000000000001, R11=0x0000009b0d1fee98
R12=0x000001a44c85b020, R13=0x000000000000001b, R14=0x00007ffbc21a9c68, R15=0x00007ffbc21a9a60
RIP=0x00007ffb7f6cc66b, EFLAGS=0x0000000000010202

Top of Stack: (sp=0x0000009b0d1feea0)
0x0000009b0d1feea0:   000000000000001b 0000000000000000
0x0000009b0d1feeb0:   000001a44a4e4800 0000009b0d1ff078
0x0000009b0d1feec0:   000001a44a4e4800 00007ffb7f598d14
0x0000009b0d1feed0:   0000000000000438 000001a44a4e4800
0x0000009b0d1feee0:   000001a44a4e4b10 00007ffbcc399db0
0x0000009b0d1feef0:   000001a44a4e4800 0000000000000000
0x0000009b0d1fef00:   000001a400000000 0000000000000000
0x0000009b0d1fef10:   000000004aeb62c8 00007ffbc21a34da
0x0000009b0d1fef20:   0000000000000000 000001a44a4e4b10
0x0000009b0d1fef30:   0000000000000001 0000009b0d1ff070
0x0000009b0d1fef40:   000001a44c85b020 00007ffb7f46af27
0x0000009b0d1fef50:   0000009b0d1fef70 000001a44a42b300
0x0000009b0d1fef60:   00000000001532bb 000001a43287046c
0x0000009b0d1fef70:   000001a449d53910 000001a44a4e4800
0x0000009b0d1fef80:   000001a44a4e4800 000001a449d53910
0x0000009b0d1fef90:   0000000000000000 0000000000000002 

Instructions: (pc=0x00007ffb7f6cc66b)
0x00007ffb7f6cc56b:   c6 05 71 30 48 00 01 eb 61 48 8b 54 24 20 45 33
0x00007ffb7f6cc57b:   c0 48 8b 05 35 a5 43 00 48 83 c2 18 48 8b ce ff
0x00007ffb7f6cc58b:   d0 48 85 c0 74 20 48 8b 44 24 20 48 8b d6 48 8b
0x00007ffb7f6cc59b:   48 08 48 8b 41 08 48 8b 48 18 48 8b 89 98 00 00
0x00007ffb7f6cc5ab:   00 e8 1f f8 ff ff 38 1d 96 57 4a 00 74 13 48 8b
0x00007ffb7f6cc5bb:   4c 24 20 48 8b d7 e8 8a 2b 00 00 48 39 5f 08 75
0x00007ffb7f6cc5cb:   09 48 8b 44 24 20 48 8b 58 18 48 8d 4c 24 20 e8
0x00007ffb7f6cc5db:   61 98 d6 ff 48 8b 74 24 48 48 8b c3 48 8b 5c 24
0x00007ffb7f6cc5eb:   40 48 83 c4 30 5f c3 cc cc cc cc cc cc cc cc cc
0x00007ffb7f6cc5fb:   cc cc cc cc cc 48 8b 51 08 4c 8b c1 48 8b 42 08
0x00007ffb7f6cc60b:   0f b6 52 24 c0 ea 06 48 8b 48 18 8b 81 a4 00 00
0x00007ffb7f6cc61b:   00 f6 c2 01 75 27 48 85 c9 74 14 8b c8 c1 e9 09
0x00007ffb7f6cc62b:   f6 c1 01 74 0a 41 f7 40 20 02 04 00 00 74 0e 41
0x00007ffb7f6cc63b:   8b 48 20 0b c8 f6 c1 10 74 03 b0 01 c3 41 83 78
0x00007ffb7f6cc64b:   24 fe 0f 94 c0 c3 cc cc cc cc cc cc cc cc cc cc
0x00007ffb7f6cc65b:   cc cc cc cc cc 40 53 48 83 ec 20 48 85 c9 74 24
0x00007ffb7f6cc66b:   48 8b 19 48 85 db 74 1c 48 83 fb 37 74 16 48 8b
0x00007ffb7f6cc67b:   13 48 8b cb ff 52 10 84 c0 74 09 48 8b c3 48 83
0x00007ffb7f6cc68b:   c4 20 5b c3 33 c0 48 83 c4 20 5b c3 cc cc cc cc
0x00007ffb7f6cc69b:   cc cc cc cc cc 40 53 55 41 56 41 57 48 83 ec 28
0x00007ffb7f6cc6ab:   48 8b 41 08 33 ed 4c 8b f1 48 8b 50 08 4c 8b 7a
0x00007ffb7f6cc6bb:   18 49 8b 9f 78 01 00 00 48 85 db 0f 84 d5 00 00
0x00007ffb7f6cc6cb:   00 8b 15 c2 0a 4f 00 65 48 8b 04 25 58 00 00 00
0x00007ffb7f6cc6db:   48 89 74 24 50 4c 89 64 24 60 4c 89 6c 24 20 41
0x00007ffb7f6cc6eb:   bd ff ff 00 00 4c 8d 24 d0 41 b8 08 00 00 00 48
0x00007ffb7f6cc6fb:   89 7c 24 58 90 49 8b 56 08 48 8b 73 10 0f b7 42
0x00007ffb7f6cc70b:   2a 66 39 43 08 75 6c 0f b7 42 2c 66 39 43 0a 75
0x00007ffb7f6cc71b:   62 48 63 4b 04 0f b6 03 88 44 11 38 49 8b 04 24
0x00007ffb7f6cc72b:   41 8b c8 48 8b 3c 01 49 8b ce 48 8b d7 e8 63 4c
0x00007ffb7f6cc73b:   bd ff 48 83 7f 08 00 75 0a 48 85 c0 74 05 66 44
0x00007ffb7f6cc74b:   01 68 16 48 85 ed 74 14 48 8b cb 48 89 75 10 e8
0x00007ffb7f6cc75b:   91 e1 ad ff 41 b8 08 00 00 00 eb 1a 48 8b cb 49 


Stack slot to memory mapping:
stack at sp + 0 slots: 0x000000000000001b is an unknown value
stack at sp + 1 slots: 0x0 is NULL
stack at sp + 2 slots: 0x000001a44a4e4800 is a thread
stack at sp + 3 slots: 0x0000009b0d1ff078 is pointing into the stack for thread: 0x000001a44a4e4800
stack at sp + 4 slots: 0x000001a44a4e4800 is a thread
stack at sp + 5 slots: 0x00007ffb7f598d14 jvm.dll
stack at sp + 6 slots: 0x0000000000000438 is an unknown value
stack at sp + 7 slots: 0x000001a44a4e4800 is a thread


---------------  P R O C E S S  ---------------

Threads class SMR info:
_java_thread_list=0x000001a44b4fa360, length=19, elements={
0x000001a4499ba800, 0x000001a4499be800, 0x000001a4499c6800, 0x000001a4499e0000,
0x000001a4499e1000, 0x000001a4499e3000, 0x000001a4499e6000, 0x000001a44a4bb800,
0x000001a44a4e4800, 0x000001a44a548800, 0x000001a44a549800, 0x000001a44a739000,
0x000001a44aed7800, 0x000001a44aed8000, 0x000001a44aedb000, 0x000001a44b002800,
0x000001a428b0d800, 0x000001a44b4e6000, 0x000001a44b4e7800
}

Java Threads: ( => current thread )
  0x000001a4499ba800 JavaThread "Reference Handler" daemon [_thread_blocked, id=20296, stack(0x0000009b0c900000,0x0000009b0ca00000)]
  0x000001a4499be800 JavaThread "Finalizer" daemon [_thread_blocked, id=20936, stack(0x0000009b0ca00000,0x0000009b0cb00000)]
  0x000001a4499c6800 JavaThread "Signal Dispatcher" daemon [_thread_blocked, id=6232, stack(0x0000009b0cb00000,0x0000009b0cc00000)]
  0x000001a4499e0000 JavaThread "Attach Listener" daemon [_thread_blocked, id=2760, stack(0x0000009b0cc00000,0x0000009b0cd00000)]
  0x000001a4499e1000 JavaThread "C2 CompilerThread0" daemon [_thread_blocked, id=10188, stack(0x0000009b0cd00000,0x0000009b0ce00000)]
  0x000001a4499e3000 JavaThread "C1 CompilerThread0" daemon [_thread_blocked, id=12364, stack(0x0000009b0ce00000,0x0000009b0cf00000)]
  0x000001a4499e6000 JavaThread "Sweeper thread" daemon [_thread_blocked, id=18112, stack(0x0000009b0cf00000,0x0000009b0d000000)]
  0x000001a44a4bb800 JavaThread "Common-Cleaner" daemon [_thread_blocked, id=11772, stack(0x0000009b0d000000,0x0000009b0d100000)]
=>0x000001a44a4e4800 JavaThread "*** Profiler Agent Communication Thread" daemon [_thread_in_vm, id=14908, stack(0x0000009b0d100000,0x0000009b0d200000)]
  0x000001a44a548800 JavaThread "*** JFluid Monitor thread ***" daemon [_thread_blocked, id=15316, stack(0x0000009b0d200000,0x0000009b0d300000)]
  0x000001a44a549800 JavaThread "*** Profiler Agent Special Execution Thread 6" daemon [_thread_blocked, id=3484, stack(0x0000009b0d300000,0x0000009b0d400000)]
  0x000001a44a739000 JavaThread "Service Thread" daemon [_thread_blocked, id=21520, stack(0x0000009b0d400000,0x0000009b0d500000)]
  0x000001a44aed7800 JavaThread "Java2D Disposer" daemon [_thread_blocked, id=21264, stack(0x0000009b0d600000,0x0000009b0d700000)]
  0x000001a44aed8000 JavaThread "AWT-Shutdown" [_thread_blocked, id=10604, stack(0x0000009b0d700000,0x0000009b0d800000)]
  0x000001a44aedb000 JavaThread "AWT-Windows" daemon [_thread_in_native, id=9568, stack(0x0000009b0d800000,0x0000009b0d900000)]
  0x000001a44b002800 JavaThread "AWT-EventQueue-0" [_thread_blocked, id=15816, stack(0x0000009b0d900000,0x0000009b0da00000)]
  0x000001a428b0d800 JavaThread "DestroyJavaVM" [_thread_blocked, id=10224, stack(0x0000009b0c200000,0x0000009b0c300000)]
  0x000001a44b4e6000 JavaThread "TimerQueue" daemon [_thread_blocked, id=11748, stack(0x0000009b0de00000,0x0000009b0df00000)]
  0x000001a44b4e7800 JavaThread "*** Profiler Agent Special Execution Thread 10" daemon [_thread_blocked, id=23044, stack(0x0000009b0c000000,0x0000009b0c100000)]

Other Threads:
  0x000001a4499cc000 VMThread "VM Thread" [stack: 0x0000009b0c800000,0x0000009b0c900000] [id=12692] _threads_hazard_ptr=0x000001a44b4fa360
  0x000001a44ae5f800 WatcherThread [stack: 0x0000009b0d500000,0x0000009b0d600000] [id=3688]
  0x000001a428b52800 GCTaskThread "GC Thread#0" [stack: 0x0000009b0c300000,0x0000009b0c400000] [id=16320]
  0x000001a44b62f800 GCTaskThread "GC Thread#1" [stack: 0x0000009b0da00000,0x0000009b0db00000] [id=4540]
  0x000001a44b630000 GCTaskThread "GC Thread#2" [stack: 0x0000009b0df00000,0x0000009b0e000000] [id=18600]
  0x000001a44e360800 GCTaskThread "GC Thread#3" [stack: 0x0000009b0e000000,0x0000009b0e100000] [id=2336]
  0x000001a44e361000 GCTaskThread "GC Thread#4" [stack: 0x0000009b0e100000,0x0000009b0e200000] [id=21512]
  0x000001a44b540000 GCTaskThread "GC Thread#5" [stack: 0x0000009b0e200000,0x0000009b0e300000] [id=19680]
  0x000001a428b64000 ConcurrentGCThread "G1 Main Marker" [stack: 0x0000009b0c400000,0x0000009b0c500000] [id=13548]
  0x000001a428b65000 ConcurrentGCThread "G1 Conc#0" [stack: 0x0000009b0c500000,0x0000009b0c600000] [id=5436]
  0x000001a428bde800 ConcurrentGCThread "G1 Refine#0" [stack: 0x0000009b0c600000,0x0000009b0c700000] [id=15540]
  0x000001a449837800 ConcurrentGCThread "G1 Young RemSet Sampling" [stack: 0x0000009b0c700000,0x0000009b0c800000] [id=9352]

Threads with active compile tasks:

VM state:synchronizing (normal execution)

VM Mutex/Monitor currently owned by a thread:  ([mutex/lock_event])
[0x000001a428b09900] Threads_lock - owner thread: 0x000001a4499cc000

Heap address: 0x0000000081c00000, size: 2020 MB, Compressed Oops mode: 32-bit
Narrow klass base: 0x0000000800000000, Narrow klass shift: 3
Compressed class space size: 1073741824 Address: 0x0000000800b40000

Heap:
 garbage-first heap   total 131072K, used 81629K [0x0000000081c00000, 0x0000000100000000)
  region size 1024K, 73 young (74752K), 4 survivors (4096K)
 Metaspace       used 15245K, capacity 15588K, committed 15744K, reserved 1062912K
  class space    used 1702K, capacity 1872K, committed 1920K, reserved 1048576K
Heap Regions: E=young(eden), S=young(survivor), O=old, HS=humongous(starts), HC=humongous(continues), CS=collection set, F=free, A=archive, TAMS=top-at-mark-start (previous, next)
|   0|0x0000000081c00000, 0x0000000081d00000, 0x0000000081d00000|100%|HS|  |TAMS 0x0000000081c00000, 0x0000000081c00000| Complete 
|   1|0x0000000081d00000, 0x0000000081e00000, 0x0000000081e00000|100%|HC|  |TAMS 0x0000000081d00000, 0x0000000081d00000| Complete 
|   2|0x0000000081e00000, 0x0000000081f00000, 0x0000000081f00000|100%|HS|  |TAMS 0x0000000081e00000, 0x0000000081e00000| Complete 
|   3|0x0000000081f00000, 0x0000000082000000, 0x0000000082000000|100%|HC|  |TAMS 0x0000000081f00000, 0x0000000081f00000| Complete 
|   4|0x0000000082000000, 0x0000000082100000, 0x0000000082100000|100%|HC|  |TAMS 0x0000000082000000, 0x0000000082000000| Complete 
|   5|0x0000000082100000, 0x0000000082200000, 0x0000000082200000|100%|HC|  |TAMS 0x0000000082100000, 0x0000000082100000| Complete 
|   6|0x0000000082200000, 0x0000000082300000, 0x0000000082300000|100%| O|  |TAMS 0x0000000082200000, 0x0000000082200000| Untracked 
|   7|0x0000000082300000, 0x000000008234c000, 0x0000000082400000| 29%| O|  |TAMS 0x0000000082300000, 0x0000000082300000| Untracked 
|   8|0x0000000082400000, 0x0000000082500000, 0x0000000082500000|100%|HS|  |TAMS 0x0000000082400000, 0x0000000082400000| Complete 
|   9|0x0000000082500000, 0x0000000082600000, 0x0000000082600000|100%|HC|  |TAMS 0x0000000082500000, 0x0000000082500000| Complete 
|  10|0x0000000082600000, 0x0000000082600000, 0x0000000082700000|  0%| F|  |TAMS 0x0000000082600000, 0x0000000082600000| Untracked 
|  11|0x0000000082700000, 0x0000000082700000, 0x0000000082800000|  0%| F|  |TAMS 0x0000000082700000, 0x0000000082700000| Untracked 
|  12|0x0000000082800000, 0x0000000082800000, 0x0000000082900000|  0%| F|  |TAMS 0x0000000082800000, 0x0000000082800000| Untracked 
|  13|0x0000000082900000, 0x0000000082900000, 0x0000000082a00000|  0%| F|  |TAMS 0x0000000082900000, 0x0000000082900000| Untracked 
|  14|0x0000000082a00000, 0x0000000082a00000, 0x0000000082b00000|  0%| F|  |TAMS 0x0000000082a00000, 0x0000000082a00000| Untracked 
|  15|0x0000000082b00000, 0x0000000082b00000, 0x0000000082c00000|  0%| F|  |TAMS 0x0000000082b00000, 0x0000000082b00000| Untracked 
|  16|0x0000000082c00000, 0x0000000082c00000, 0x0000000082d00000|  0%| F|  |TAMS 0x0000000082c00000, 0x0000000082c00000| Untracked 
|  17|0x0000000082d00000, 0x0000000082d00000, 0x0000000082e00000|  0%| F|  |TAMS 0x0000000082d00000, 0x0000000082d00000| Untracked 
|  18|0x0000000082e00000, 0x0000000082e00000, 0x0000000082f00000|  0%| F|  |TAMS 0x0000000082e00000, 0x0000000082e00000| Untracked 
|  19|0x0000000082f00000, 0x0000000082f00000, 0x0000000083000000|  0%| F|  |TAMS 0x0000000082f00000, 0x0000000082f00000| Untracked 
|  20|0x0000000083000000, 0x0000000083000000, 0x0000000083100000|  0%| F|  |TAMS 0x0000000083000000, 0x0000000083000000| Untracked 
|  21|0x0000000083100000, 0x0000000083100000, 0x0000000083200000|  0%| F|  |TAMS 0x0000000083100000, 0x0000000083100000| Untracked 
|  22|0x0000000083200000, 0x0000000083200000, 0x0000000083300000|  0%| F|  |TAMS 0x0000000083200000, 0x0000000083200000| Untracked 
|  23|0x0000000083300000, 0x0000000083300000, 0x0000000083400000|  0%| F|  |TAMS 0x0000000083300000, 0x0000000083300000| Untracked 
|  24|0x0000000083400000, 0x0000000083400000, 0x0000000083500000|  0%| F|  |TAMS 0x0000000083400000, 0x0000000083400000| Untracked 
|  25|0x0000000083500000, 0x0000000083500000, 0x0000000083600000|  0%| F|  |TAMS 0x0000000083500000, 0x0000000083500000| Untracked 
|  26|0x0000000083600000, 0x0000000083600000, 0x0000000083700000|  0%| F|  |TAMS 0x0000000083600000, 0x0000000083600000| Untracked 
|  27|0x0000000083700000, 0x0000000083700000, 0x0000000083800000|  0%| F|  |TAMS 0x0000000083700000, 0x0000000083700000| Untracked 
|  28|0x0000000083800000, 0x0000000083800000, 0x0000000083900000|  0%| F|  |TAMS 0x0000000083800000, 0x0000000083800000| Untracked 
|  29|0x0000000083900000, 0x0000000083900000, 0x0000000083a00000|  0%| F|  |TAMS 0x0000000083900000, 0x0000000083900000| Untracked 
|  30|0x0000000083a00000, 0x0000000083a00000, 0x0000000083b00000|  0%| F|  |TAMS 0x0000000083a00000, 0x0000000083a00000| Untracked 
|  31|0x0000000083b00000, 0x0000000083b00000, 0x0000000083c00000|  0%| F|  |TAMS 0x0000000083b00000, 0x0000000083b00000| Untracked 
|  32|0x0000000083c00000, 0x0000000083c00000, 0x0000000083d00000|  0%| F|  |TAMS 0x0000000083c00000, 0x0000000083c00000| Untracked 
|  33|0x0000000083d00000, 0x0000000083d00000, 0x0000000083e00000|  0%| F|  |TAMS 0x0000000083d00000, 0x0000000083d00000| Untracked 
|  34|0x0000000083e00000, 0x0000000083e00000, 0x0000000083f00000|  0%| F|  |TAMS 0x0000000083e00000, 0x0000000083e00000| Untracked 
|  35|0x0000000083f00000, 0x0000000083f00000, 0x0000000084000000|  0%| F|  |TAMS 0x0000000083f00000, 0x0000000083f00000| Untracked 
|  36|0x0000000084000000, 0x0000000084000000, 0x0000000084100000|  0%| F|  |TAMS 0x0000000084000000, 0x0000000084000000| Untracked 
|  37|0x0000000084100000, 0x0000000084100000, 0x0000000084200000|  0%| F|  |TAMS 0x0000000084100000, 0x0000000084100000| Untracked 
|  38|0x0000000084200000, 0x0000000084200000, 0x0000000084300000|  0%| F|  |TAMS 0x0000000084200000, 0x0000000084200000| Untracked 
|  39|0x0000000084300000, 0x0000000084300000, 0x0000000084400000|  0%| F|  |TAMS 0x0000000084300000, 0x0000000084300000| Untracked 
|  40|0x0000000084400000, 0x0000000084400000, 0x0000000084500000|  0%| F|  |TAMS 0x0000000084400000, 0x0000000084400000| Untracked 
|  41|0x0000000084500000, 0x0000000084500000, 0x0000000084600000|  0%| F|  |TAMS 0x0000000084500000, 0x0000000084500000| Untracked 
|  42|0x0000000084600000, 0x0000000084600000, 0x0000000084700000|  0%| F|  |TAMS 0x0000000084600000, 0x0000000084600000| Untracked 
|  43|0x0000000084700000, 0x0000000084700000, 0x0000000084800000|  0%| F|  |TAMS 0x0000000084700000, 0x0000000084700000| Untracked 
|  44|0x0000000084800000, 0x0000000084800000, 0x0000000084900000|  0%| F|  |TAMS 0x0000000084800000, 0x0000000084800000| Untracked 
|  45|0x0000000084900000, 0x0000000084900000, 0x0000000084a00000|  0%| F|  |TAMS 0x0000000084900000, 0x0000000084900000| Untracked 
|  46|0x0000000084a00000, 0x0000000084a00000, 0x0000000084b00000|  0%| F|  |TAMS 0x0000000084a00000, 0x0000000084a00000| Untracked 
|  47|0x0000000084b00000, 0x0000000084b00000, 0x0000000084c00000|  0%| F|  |TAMS 0x0000000084b00000, 0x0000000084b00000| Untracked 
|  48|0x0000000084c00000, 0x0000000084c00000, 0x0000000084d00000|  0%| F|  |TAMS 0x0000000084c00000, 0x0000000084c00000| Untracked 
|  49|0x0000000084d00000, 0x0000000084d00000, 0x0000000084e00000|  0%| F|  |TAMS 0x0000000084d00000, 0x0000000084d00000| Untracked 
|  50|0x0000000084e00000, 0x0000000084e00000, 0x0000000084f00000|  0%| F|  |TAMS 0x0000000084e00000, 0x0000000084e00000| Untracked 
|  51|0x0000000084f00000, 0x0000000084f00000, 0x0000000085000000|  0%| F|  |TAMS 0x0000000084f00000, 0x0000000084f00000| Untracked 
|  52|0x0000000085000000, 0x000000008506b7d0, 0x0000000085100000| 41%| S|CS|TAMS 0x0000000085000000, 0x0000000085000000| Complete 
|  53|0x0000000085100000, 0x0000000085200000, 0x0000000085200000|100%| S|CS|TAMS 0x0000000085100000, 0x0000000085100000| Complete 
|  54|0x0000000085200000, 0x0000000085300000, 0x0000000085300000|100%| S|CS|TAMS 0x0000000085200000, 0x0000000085200000| Complete 
|  55|0x0000000085300000, 0x0000000085400000, 0x0000000085400000|100%| S|CS|TAMS 0x0000000085300000, 0x0000000085300000| Complete 
|  56|0x0000000085400000, 0x0000000085400000, 0x0000000085500000|  0%| F|  |TAMS 0x0000000085400000, 0x0000000085400000| Untracked 
|  57|0x0000000085500000, 0x0000000085500000, 0x0000000085600000|  0%| F|  |TAMS 0x0000000085500000, 0x0000000085500000| Untracked 
|  58|0x0000000085600000, 0x0000000085600000, 0x0000000085700000|  0%| F|  |TAMS 0x0000000085600000, 0x0000000085600000| Untracked 
|  59|0x0000000085700000, 0x00000000857fb640, 0x0000000085800000| 98%| E|  |TAMS 0x0000000085700000, 0x0000000085700000| Complete 
|  60|0x0000000085800000, 0x0000000085900000, 0x0000000085900000|100%| E|CS|TAMS 0x0000000085800000, 0x0000000085800000| Complete 
|  61|0x0000000085900000, 0x0000000085a00000, 0x0000000085a00000|100%| E|  |TAMS 0x0000000085900000, 0x0000000085900000| Complete 
|  62|0x0000000085a00000, 0x0000000085b00000, 0x0000000085b00000|100%| E|CS|TAMS 0x0000000085a00000, 0x0000000085a00000| Complete 
|  63|0x0000000085b00000, 0x0000000085c00000, 0x0000000085c00000|100%| E|CS|TAMS 0x0000000085b00000, 0x0000000085b00000| Complete 
|  64|0x0000000085c00000, 0x0000000085d00000, 0x0000000085d00000|100%| E|CS|TAMS 0x0000000085c00000, 0x0000000085c00000| Complete 
|  65|0x0000000085d00000, 0x0000000085e00000, 0x0000000085e00000|100%| E|CS|TAMS 0x0000000085d00000, 0x0000000085d00000| Complete 
|  66|0x0000000085e00000, 0x0000000085f00000, 0x0000000085f00000|100%| E|CS|TAMS 0x0000000085e00000, 0x0000000085e00000| Complete 
|  67|0x0000000085f00000, 0x0000000086000000, 0x0000000086000000|100%| E|CS|TAMS 0x0000000085f00000, 0x0000000085f00000| Complete 
|  68|0x0000000086000000, 0x0000000086100000, 0x0000000086100000|100%| E|CS|TAMS 0x0000000086000000, 0x0000000086000000| Complete 
|  69|0x0000000086100000, 0x0000000086200000, 0x0000000086200000|100%| E|CS|TAMS 0x0000000086100000, 0x0000000086100000| Complete 
|  70|0x0000000086200000, 0x0000000086300000, 0x0000000086300000|100%| E|CS|TAMS 0x0000000086200000, 0x0000000086200000| Complete 
|  71|0x0000000086300000, 0x0000000086400000, 0x0000000086400000|100%| E|CS|TAMS 0x0000000086300000, 0x0000000086300000| Complete 
|  72|0x0000000086400000, 0x0000000086500000, 0x0000000086500000|100%| E|CS|TAMS 0x0000000086400000, 0x0000000086400000| Complete 
|  73|0x0000000086500000, 0x0000000086600000, 0x0000000086600000|100%| E|CS|TAMS 0x0000000086500000, 0x0000000086500000| Complete 
|  74|0x0000000086600000, 0x0000000086700000, 0x0000000086700000|100%| E|CS|TAMS 0x0000000086600000, 0x0000000086600000| Complete 
|  75|0x0000000086700000, 0x0000000086800000, 0x0000000086800000|100%| E|CS|TAMS 0x0000000086700000, 0x0000000086700000| Complete 
|  76|0x0000000086800000, 0x0000000086900000, 0x0000000086900000|100%| E|CS|TAMS 0x0000000086800000, 0x0000000086800000| Complete 
|  77|0x0000000086900000, 0x0000000086a00000, 0x0000000086a00000|100%| E|CS|TAMS 0x0000000086900000, 0x0000000086900000| Complete 
|  78|0x0000000086a00000, 0x0000000086b00000, 0x0000000086b00000|100%| E|CS|TAMS 0x0000000086a00000, 0x0000000086a00000| Complete 
|  79|0x0000000086b00000, 0x0000000086c00000, 0x0000000086c00000|100%| E|CS|TAMS 0x0000000086b00000, 0x0000000086b00000| Complete 
|  80|0x0000000086c00000, 0x0000000086d00000, 0x0000000086d00000|100%| E|CS|TAMS 0x0000000086c00000, 0x0000000086c00000| Complete 
|  81|0x0000000086d00000, 0x0000000086e00000, 0x0000000086e00000|100%| E|CS|TAMS 0x0000000086d00000, 0x0000000086d00000| Complete 
|  82|0x0000000086e00000, 0x0000000086f00000, 0x0000000086f00000|100%| E|CS|TAMS 0x0000000086e00000, 0x0000000086e00000| Complete 
|  83|0x0000000086f00000, 0x0000000087000000, 0x0000000087000000|100%| E|CS|TAMS 0x0000000086f00000, 0x0000000086f00000| Complete 
|  84|0x0000000087000000, 0x0000000087100000, 0x0000000087100000|100%| E|CS|TAMS 0x0000000087000000, 0x0000000087000000| Complete 
|  85|0x0000000087100000, 0x0000000087200000, 0x0000000087200000|100%| E|CS|TAMS 0x0000000087100000, 0x0000000087100000| Complete 
|  86|0x0000000087200000, 0x0000000087300000, 0x0000000087300000|100%| E|CS|TAMS 0x0000000087200000, 0x0000000087200000| Complete 
|  87|0x0000000087300000, 0x0000000087400000, 0x0000000087400000|100%| E|CS|TAMS 0x0000000087300000, 0x0000000087300000| Complete 
|  88|0x0000000087400000, 0x0000000087500000, 0x0000000087500000|100%| E|CS|TAMS 0x0000000087400000, 0x0000000087400000| Complete 
|  89|0x0000000087500000, 0x0000000087600000, 0x0000000087600000|100%| E|CS|TAMS 0x0000000087500000, 0x0000000087500000| Complete 
|  90|0x0000000087600000, 0x0000000087700000, 0x0000000087700000|100%| E|CS|TAMS 0x0000000087600000, 0x0000000087600000| Complete 
|  91|0x0000000087700000, 0x0000000087800000, 0x0000000087800000|100%| E|CS|TAMS 0x0000000087700000, 0x0000000087700000| Complete 
|  92|0x0000000087800000, 0x0000000087900000, 0x0000000087900000|100%| E|CS|TAMS 0x0000000087800000, 0x0000000087800000| Complete 
|  93|0x0000000087900000, 0x0000000087a00000, 0x0000000087a00000|100%| E|CS|TAMS 0x0000000087900000, 0x0000000087900000| Complete 
|  94|0x0000000087a00000, 0x0000000087b00000, 0x0000000087b00000|100%| E|CS|TAMS 0x0000000087a00000, 0x0000000087a00000| Complete 
|  95|0x0000000087b00000, 0x0000000087c00000, 0x0000000087c00000|100%| E|CS|TAMS 0x0000000087b00000, 0x0000000087b00000| Complete 
|  96|0x0000000087c00000, 0x0000000087d00000, 0x0000000087d00000|100%| E|CS|TAMS 0x0000000087c00000, 0x0000000087c00000| Complete 
|  97|0x0000000087d00000, 0x0000000087e00000, 0x0000000087e00000|100%| E|CS|TAMS 0x0000000087d00000, 0x0000000087d00000| Complete 
|  98|0x0000000087e00000, 0x0000000087f00000, 0x0000000087f00000|100%| E|CS|TAMS 0x0000000087e00000, 0x0000000087e00000| Complete 
|  99|0x0000000087f00000, 0x0000000088000000, 0x0000000088000000|100%| E|CS|TAMS 0x0000000087f00000, 0x0000000087f00000| Complete 
| 100|0x0000000088000000, 0x0000000088100000, 0x0000000088100000|100%| E|CS|TAMS 0x0000000088000000, 0x0000000088000000| Complete 
| 101|0x0000000088100000, 0x0000000088200000, 0x0000000088200000|100%| E|CS|TAMS 0x0000000088100000, 0x0000000088100000| Complete 
| 102|0x0000000088200000, 0x0000000088300000, 0x0000000088300000|100%| E|CS|TAMS 0x0000000088200000, 0x0000000088200000| Complete 
| 103|0x0000000088300000, 0x0000000088400000, 0x0000000088400000|100%| E|CS|TAMS 0x0000000088300000, 0x0000000088300000| Complete 
| 104|0x0000000088400000, 0x0000000088500000, 0x0000000088500000|100%| E|CS|TAMS 0x0000000088400000, 0x0000000088400000| Complete 
| 105|0x0000000088500000, 0x0000000088600000, 0x0000000088600000|100%| E|CS|TAMS 0x0000000088500000, 0x0000000088500000| Complete 
| 106|0x0000000088600000, 0x0000000088700000, 0x0000000088700000|100%| E|CS|TAMS 0x0000000088600000, 0x0000000088600000| Complete 
| 107|0x0000000088700000, 0x0000000088800000, 0x0000000088800000|100%| E|CS|TAMS 0x0000000088700000, 0x0000000088700000| Complete 
| 108|0x0000000088800000, 0x0000000088900000, 0x0000000088900000|100%| E|CS|TAMS 0x0000000088800000, 0x0000000088800000| Complete 
| 109|0x0000000088900000, 0x0000000088a00000, 0x0000000088a00000|100%| E|CS|TAMS 0x0000000088900000, 0x0000000088900000| Complete 
| 110|0x0000000088a00000, 0x0000000088b00000, 0x0000000088b00000|100%| E|CS|TAMS 0x0000000088a00000, 0x0000000088a00000| Complete 
| 111|0x0000000088b00000, 0x0000000088c00000, 0x0000000088c00000|100%| E|CS|TAMS 0x0000000088b00000, 0x0000000088b00000| Complete 
| 112|0x0000000088c00000, 0x0000000088d00000, 0x0000000088d00000|100%| E|CS|TAMS 0x0000000088c00000, 0x0000000088c00000| Complete 
| 113|0x0000000088d00000, 0x0000000088e00000, 0x0000000088e00000|100%| E|CS|TAMS 0x0000000088d00000, 0x0000000088d00000| Complete 
| 114|0x0000000088e00000, 0x0000000088f00000, 0x0000000088f00000|100%| E|CS|TAMS 0x0000000088e00000, 0x0000000088e00000| Complete 
| 115|0x0000000088f00000, 0x0000000089000000, 0x0000000089000000|100%| E|CS|TAMS 0x0000000088f00000, 0x0000000088f00000| Complete 
| 116|0x0000000089000000, 0x0000000089100000, 0x0000000089100000|100%| E|CS|TAMS 0x0000000089000000, 0x0000000089000000| Complete 
| 117|0x0000000089100000, 0x0000000089200000, 0x0000000089200000|100%| E|CS|TAMS 0x0000000089100000, 0x0000000089100000| Complete 
| 118|0x0000000089200000, 0x0000000089300000, 0x0000000089300000|100%| E|CS|TAMS 0x0000000089200000, 0x0000000089200000| Complete 
| 119|0x0000000089300000, 0x0000000089400000, 0x0000000089400000|100%| E|CS|TAMS 0x0000000089300000, 0x0000000089300000| Complete 
| 120|0x0000000089400000, 0x0000000089500000, 0x0000000089500000|100%| E|CS|TAMS 0x0000000089400000, 0x0000000089400000| Complete 
| 121|0x0000000089500000, 0x0000000089600000, 0x0000000089600000|100%| E|CS|TAMS 0x0000000089500000, 0x0000000089500000| Complete 
| 122|0x0000000089600000, 0x0000000089700000, 0x0000000089700000|100%| E|CS|TAMS 0x0000000089600000, 0x0000000089600000| Complete 
| 123|0x0000000089700000, 0x0000000089800000, 0x0000000089800000|100%| E|CS|TAMS 0x0000000089700000, 0x0000000089700000| Complete 
| 124|0x0000000089800000, 0x0000000089900000, 0x0000000089900000|100%| E|CS|TAMS 0x0000000089800000, 0x0000000089800000| Complete 
| 125|0x0000000089900000, 0x0000000089a00000, 0x0000000089a00000|100%| E|CS|TAMS 0x0000000089900000, 0x0000000089900000| Complete 
| 126|0x0000000089a00000, 0x0000000089b00000, 0x0000000089b00000|100%| E|CS|TAMS 0x0000000089a00000, 0x0000000089a00000| Complete 
| 127|0x0000000089b00000, 0x0000000089c00000, 0x0000000089c00000|100%| E|CS|TAMS 0x0000000089b00000, 0x0000000089b00000| Complete 

Card table byte_map: [0x000001a4427e0000,0x000001a442be0000] _byte_map_base: 0x000001a4423d2000

Marking Bits (Prev, Next): (CMBitMap*) 0x000001a428b534d8, (CMBitMap*) 0x000001a428b53518
 Prev Bits: [0x000001a442fe0000, 0x000001a444f70000)
 Next Bits: [0x000001a444f70000, 0x000001a446f00000)

Polling page: 0x000001a428990000

Metaspace:

Usage:
  Non-class:     13.39 MB capacity,    13.23 MB ( 99%) used,   139.62 KB (  1%) free+waste,    33.00 KB ( <1%) overhead. 
      Class:      1.83 MB capacity,     1.66 MB ( 91%) used,   150.66 KB (  8%) free+waste,    18.94 KB (  1%) overhead. 
       Both:     15.22 MB capacity,    14.89 MB ( 98%) used,   290.27 KB (  2%) free+waste,    51.94 KB ( <1%) overhead. 

Virtual space:
  Non-class space:       14.00 MB reserved,      13.50 MB ( 96%) committed 
      Class space:        1.00 GB reserved,       1.88 MB ( <1%) committed 
             Both:        1.01 GB reserved,      15.38 MB (  1%) committed 

Chunk freelists:
   Non-Class:  44.00 KB
       Class:  16.00 KB
        Both:  60.00 KB

MaxMetaspaceSize: 17179869184.00 GB
CompressedClassSpaceSize: 1.00 GB

CodeHeap 'non-profiled nmethods': size=120000Kb used=1383Kb max_used=1383Kb free=118616Kb
 bounds [0x000001a43a2e0000, 0x000001a43a550000, 0x000001a441810000]
CodeHeap 'profiled nmethods': size=120000Kb used=4509Kb max_used=4520Kb free=115490Kb
 bounds [0x000001a432db0000, 0x000001a433220000, 0x000001a43a2e0000]
CodeHeap 'non-nmethods': size=5760Kb used=1363Kb max_used=1409Kb free=4396Kb
 bounds [0x000001a432810000, 0x000001a432a80000, 0x000001a432db0000]
 total_blobs=3851 nmethods=2297 adapters=578
 compilation: enabled
              stopped_count=0, restarted_count=0
 full_count=0

Compilation events (20 events):
Event: 125.269 Thread 0x000001a4499e3000 2296       3       java.nio.DirectByteBufferR::slice (81 bytes)
Event: 125.270 Thread 0x000001a4499e3000 nmethod 2296 0x000001a433021790 code [0x000001a433021960, 0x000001a433021cd0]
Event: 125.282 Thread 0x000001a4499e3000 2297       3       java.util.concurrent.ConcurrentHashMap::sumCount (60 bytes)
Event: 125.283 Thread 0x000001a4499e3000 nmethod 2297 0x000001a433021210 code [0x000001a4330213c0, 0x000001a433021698]
Event: 125.374 Thread 0x000001a4499e3000 2298       3       java.lang.Long::hashCode (8 bytes)
Event: 125.375 Thread 0x000001a4499e3000 nmethod 2298 0x000001a433020d90 code [0x000001a433020f40, 0x000001a433021138]
Event: 125.375 Thread 0x000001a4499e3000 2299       3       java.lang.Long::hashCode (8 bytes)
Event: 125.375 Thread 0x000001a4499e3000 nmethod 2299 0x000001a433020a10 code [0x000001a433020ba0, 0x000001a433020cf8]
Event: 125.405 Thread 0x000001a4499e3000 2300       3       jdk.internal.misc.Unsafe::getLongUnaligned (173 bytes)
Event: 125.406 Thread 0x000001a4499e3000 nmethod 2300 0x000001a433020010 code [0x000001a433020200, 0x000001a433020840]
Event: 125.451 Thread 0x000001a4499e3000 2301       1       java.lang.Thread::getId (5 bytes)
Event: 125.452 Thread 0x000001a4499e3000 nmethod 2301 0x000001a43a439c90 code [0x000001a43a439e20, 0x000001a43a439f58]
Event: 125.467 Thread 0x000001a4499e3000 2302       3       java.lang.Long::valueOf (40 bytes)
Event: 125.467 Thread 0x000001a4499e3000 nmethod 2302 0x000001a43301f910 code [0x000001a43301fae0, 0x000001a43301fe78]
Event: 125.775 Thread 0x000001a4499e3000 2304       3       jdk.internal.util.ArraysSupport::mismatch (72 bytes)
Event: 125.775 Thread 0x000001a4499e3000 nmethod 2304 0x000001a43301f110 code [0x000001a43301f2e0, 0x000001a43301f6f8]
Event: 125.775 Thread 0x000001a4499e3000 2303       3       java.util.Arrays::equals (43 bytes)
Event: 125.776 Thread 0x000001a4499e3000 nmethod 2303 0x000001a43301eb10 code [0x000001a43301ece0, 0x000001a43301eff0]
Event: 126.021 Thread 0x000001a4499e3000 2305       3       org.netbeans.lib.profiler.server.ProfilerRuntimeSampler$Sampling::writeThreadInfoNoChange (86 bytes)
Event: 126.021 Thread 0x000001a4499e3000 nmethod 2305 0x000001a43301e410 code [0x000001a43301e5e0, 0x000001a43301e970]

GC Heap History (14 events):
Event: 18.001 GC heap before
{Heap before GC invocations=0 (full 0):
 garbage-first heap   total 131072K, used 29696K [0x0000000081c00000, 0x0000000100000000)
  region size 1024K, 24 young (24576K), 0 survivors (0K)
 Metaspace       used 14950K, capacity 15291K, committed 15488K, reserved 1062912K
  class space    used 1693K, capacity 1838K, committed 1920K, reserved 1048576K
}
Event: 18.009 GC heap after
{Heap after GC invocations=1 (full 0):
 garbage-first heap   total 131072K, used 10544K [0x0000000081c00000, 0x0000000100000000)
  region size 1024K, 3 young (3072K), 3 survivors (3072K)
 Metaspace       used 14950K, capacity 15291K, committed 15488K, reserved 1062912K
  class space    used 1693K, capacity 1838K, committed 1920K, reserved 1048576K
}
Event: 19.591 GC heap before
{Heap before GC invocations=1 (full 0):
 garbage-first heap   total 131072K, used 85296K [0x0000000081c00000, 0x0000000100000000)
  region size 1024K, 76 young (77824K), 3 survivors (3072K)
 Metaspace       used 15047K, capacity 15355K, committed 15488K, reserved 1062912K
  class space    used 1695K, capacity 1838K, committed 1920K, reserved 1048576K
}
Event: 19.596 GC heap after
{Heap after GC invocations=2 (full 0):
 garbage-first heap   total 131072K, used 10845K [0x0000000081c00000, 0x0000000100000000)
  region size 1024K, 4 young (4096K), 4 survivors (4096K)
 Metaspace       used 15047K, capacity 15355K, committed 15488K, reserved 1062912K
  class space    used 1695K, capacity 1838K, committed 1920K, reserved 1048576K
}
Event: 19.679 GC heap before
{Heap before GC invocations=2 (full 0):
 garbage-first heap   total 131072K, used 84573K [0x0000000081c00000, 0x0000000100000000)
  region size 1024K, 76 young (77824K), 4 survivors (4096K)
 Metaspace       used 15047K, capacity 15355K, committed 15488K, reserved 1062912K
  class space    used 1695K, capacity 1838K, committed 1920K, reserved 1048576K
}
Event: 19.683 GC heap after
{Heap after GC invocations=3 (full 0):
 garbage-first heap   total 131072K, used 10840K [0x0000000081c00000, 0x0000000100000000)
  region size 1024K, 4 young (4096K), 4 survivors (4096K)
 Metaspace       used 15047K, capacity 15355K, committed 15488K, reserved 1062912K
  class space    used 1695K, capacity 1838K, committed 1920K, reserved 1048576K
}
Event: 20.758 GC heap before
{Heap before GC invocations=3 (full 0):
 garbage-first heap   total 131072K, used 84568K [0x0000000081c00000, 0x0000000100000000)
  region size 1024K, 76 young (77824K), 4 survivors (4096K)
 Metaspace       used 15090K, capacity 15428K, committed 15744K, reserved 1062912K
  class space    used 1696K, capacity 1840K, committed 1920K, reserved 1048576K
}
Event: 20.783 GC heap after
{Heap after GC invocations=4 (full 0):
 garbage-first heap   total 131072K, used 10947K [0x0000000081c00000, 0x0000000100000000)
  region size 1024K, 4 young (4096K), 4 survivors (4096K)
 Metaspace       used 15090K, capacity 15428K, committed 15744K, reserved 1062912K
  class space    used 1696K, capacity 1840K, committed 1920K, reserved 1048576K
}
Event: 21.764 GC heap before
{Heap before GC invocations=4 (full 0):
 garbage-first heap   total 131072K, used 84675K [0x0000000081c00000, 0x0000000100000000)
  region size 1024K, 76 young (77824K), 4 survivors (4096K)
 Metaspace       used 15107K, capacity 15428K, committed 15744K, reserved 1062912K
  class space    used 1696K, capacity 1840K, committed 1920K, reserved 1048576K
}
Event: 21.768 GC heap after
{Heap after GC invocations=5 (full 0):
 garbage-first heap   total 131072K, used 11030K [0x0000000081c00000, 0x0000000100000000)
  region size 1024K, 4 young (4096K), 4 survivors (4096K)
 Metaspace       used 15107K, capacity 15428K, committed 15744K, reserved 1062912K
  class space    used 1696K, capacity 1840K, committed 1920K, reserved 1048576K
}
Event: 21.855 GC heap before
{Heap before GC invocations=5 (full 0):
 garbage-first heap   total 131072K, used 84758K [0x0000000081c00000, 0x0000000100000000)
  region size 1024K, 76 young (77824K), 4 survivors (4096K)
 Metaspace       used 15107K, capacity 15428K, committed 15744K, reserved 1062912K
  class space    used 1696K, capacity 1840K, committed 1920K, reserved 1048576K
}
Event: 21.859 GC heap after
{Heap after GC invocations=6 (full 0):
 garbage-first heap   total 131072K, used 11070K [0x0000000081c00000, 0x0000000100000000)
  region size 1024K, 4 young (4096K), 4 survivors (4096K)
 Metaspace       used 15107K, capacity 15428K, committed 15744K, reserved 1062912K
  class space    used 1696K, capacity 1840K, committed 1920K, reserved 1048576K
}
Event: 21.933 GC heap before
{Heap before GC invocations=6 (full 0):
 garbage-first heap   total 131072K, used 84798K [0x0000000081c00000, 0x0000000100000000)
  region size 1024K, 76 young (77824K), 4 survivors (4096K)
 Metaspace       used 15107K, capacity 15428K, committed 15744K, reserved 1062912K
  class space    used 1696K, capacity 1840K, committed 1920K, reserved 1048576K
}
Event: 21.937 GC heap after
{Heap after GC invocations=7 (full 0):
 garbage-first heap   total 131072K, used 10973K [0x0000000081c00000, 0x0000000100000000)
  region size 1024K, 4 young (4096K), 4 survivors (4096K)
 Metaspace       used 15107K, capacity 15428K, committed 15744K, reserved 1062912K
  class space    used 1696K, capacity 1840K, committed 1920K, reserved 1048576K
}

Deoptimization events (20 events):
Event: 95.977 Thread 0x000001a44a4e4800 DEOPT PACKING pc=0x000001a43320f2c4 sp=0x0000009b0d1fef30
Event: 95.977 Thread 0x000001a44a4e4800 DEOPT UNPACKING pc=0x000001a43285964e sp=0x0000009b0d1fe3d0 mode 0
Event: 95.977 Thread 0x000001a44a4e4800 DEOPT PACKING pc=0x000001a43320c053 sp=0x0000009b0d1feda0
Event: 95.977 Thread 0x000001a44a4e4800 DEOPT UNPACKING pc=0x000001a43285964e sp=0x0000009b0d1fe300 mode 0
Event: 104.039 Thread 0x000001a44a4e4800 DEOPT PACKING pc=0x000001a43320c053 sp=0x0000009b0d1fede0
Event: 104.039 Thread 0x000001a44a4e4800 DEOPT UNPACKING pc=0x000001a43285964e sp=0x0000009b0d1fe328 mode 0
Event: 105.646 Thread 0x000001a44a4e4800 DEOPT PACKING pc=0x000001a43320f2c4 sp=0x0000009b0d1fef30
Event: 105.646 Thread 0x000001a44a4e4800 DEOPT UNPACKING pc=0x000001a43285964e sp=0x0000009b0d1fe3d0 mode 0
Event: 125.283 Thread 0x000001a44b4e7800 Uncommon trap: trap_request=0xffffff45 fr.pc=0x000001a43a43302c relative=0x000000000000136c
Event: 125.283 Thread 0x000001a44b4e7800 Uncommon trap: reason=unstable_if action=reinterpret pc=0x000001a43a43302c method=sun.nio.ch.Util$BufferCache.get(I)Ljava/nio/ByteBuffer; @ 25 c2
Event: 125.283 Thread 0x000001a44b4e7800 DEOPT PACKING pc=0x000001a43a43302c sp=0x0000009b0c0fef30
Event: 125.284 Thread 0x000001a44b4e7800 DEOPT UNPACKING pc=0x000001a43285912f sp=0x0000009b0c0fec00 mode 2
Event: 126.282 Thread 0x000001a44a549800 Uncommon trap: trap_request=0xffffff45 fr.pc=0x000001a43a436e58 relative=0x0000000000001498
Event: 126.282 Thread 0x000001a44a549800 Uncommon trap: reason=unstable_if action=reinterpret pc=0x000001a43a436e58 method=sun.nio.ch.Util$BufferCache.get(I)Ljava/nio/ByteBuffer; @ 25 c2
Event: 126.282 Thread 0x000001a44a549800 DEOPT PACKING pc=0x000001a43a436e58 sp=0x0000009b0d3fecd0
Event: 126.282 Thread 0x000001a44a549800 DEOPT UNPACKING pc=0x000001a43285912f sp=0x0000009b0d3fea38 mode 2
Event: 126.283 Thread 0x000001a44a549800 Uncommon trap: trap_request=0xffffff45 fr.pc=0x000001a43a34695c relative=0x00000000000002fc
Event: 126.283 Thread 0x000001a44a549800 Uncommon trap: reason=unstable_if action=reinterpret pc=0x000001a43a34695c method=sun.nio.ch.Util$BufferCache.get(I)Ljava/nio/ByteBuffer; @ 47 c2
Event: 126.283 Thread 0x000001a44a549800 DEOPT PACKING pc=0x000001a43a34695c sp=0x0000009b0d3feac0
Event: 126.283 Thread 0x000001a44a549800 DEOPT UNPACKING pc=0x000001a43285912f sp=0x0000009b0d3fea08 mode 2

Classes unloaded (0 events):
No events

Classes redefined (0 events):
No events

Internal exceptions (20 events):
Event: 1.364 Thread 0x000001a428b0d800 Exception <a 'java/lang/ClassNotFoundException'{0x000000008930e5e8}: javax/swing/JToolBarSeparator> (0x000000008930e5e8) 
thrown [t:/workspace/open/src/hotspot/share/classfile/systemDictionary.cpp, line 232]
Event: 1.364 Thread 0x000001a428b0d800 Exception <a 'java/lang/ClassNotFoundException'{0x000000008930e8f0}: ToolBarSeparator> (0x000000008930e8f0) 
thrown [t:/workspace/open/src/hotspot/share/classfile/systemDictionary.cpp, line 232]
Event: 1.365 Thread 0x000001a428b0d800 Exception <a 'java/lang/ClassNotFoundException'{0x000000008930ee08}: ToolTip> (0x000000008930ee08) 
thrown [t:/workspace/open/src/hotspot/share/classfile/systemDictionary.cpp, line 232]
Event: 1.365 Thread 0x000001a428b0d800 Exception <a 'java/lang/ClassNotFoundException'{0x000000008930f758}: Tree> (0x000000008930f758) 
thrown [t:/workspace/open/src/hotspot/share/classfile/systemDictionary.cpp, line 232]
Event: 1.365 Thread 0x000001a428b0d800 Exception <a 'java/lang/ClassNotFoundException'{0x000000008930fc50}: Tree> (0x000000008930fc50) 
thrown [t:/workspace/open/src/hotspot/share/classfile/systemDictionary.cpp, line 232]
Event: 1.365 Thread 0x000001a428b0d800 Exception <a 'java/lang/ClassNotFoundException'{0x000000008930ffc0}: javax/swing/JTreeCell> (0x000000008930ffc0) 
thrown [t:/workspace/open/src/hotspot/share/classfile/systemDictionary.cpp, line 232]
Event: 1.365 Thread 0x000001a428b0d800 Exception <a 'java/lang/ClassNotFoundException'{0x00000000893102c0}: TreeCell> (0x00000000893102c0) 
thrown [t:/workspace/open/src/hotspot/share/classfile/systemDictionary.cpp, line 232]
Event: 1.366 Thread 0x000001a428b0d800 Exception <a 'java/lang/ClassNotFoundException'{0x0000000089310a80}: RootPane> (0x0000000089310a80) 
thrown [t:/workspace/open/src/hotspot/share/classfile/systemDictionary.cpp, line 232]
Event: 1.366 Thread 0x000001a428b0d800 Implicit null exception at 0x000001a43a3202ee to 0x000001a43a320bbe
Event: 1.366 Thread 0x000001a428b0d800 Implicit null exception at 0x000001a43a2fb4af to 0x000001a43a2fb52d
Event: 1.367 Thread 0x000001a428b0d800 Exception <a 'java/lang/ClassNotFoundException'{0x00000000893138b0}: com/sun/swing/internal/plaf/metal/resources/spi/metalProvider> (0x00000000893138b0) 
thrown [t:/workspace/open/src/hotspot/share/classfile/systemDictionary.cpp, line 232]
Event: 1.368 Thread 0x000001a428b0d800 Exception <a 'java/lang/ClassNotFoundException'{0x0000000089317950}: com/sun/swing/internal/plaf/basic/resources/spi/basicProvider> (0x0000000089317950) 
thrown [t:/workspace/open/src/hotspot/share/classfile/systemDictionary.cpp, line 232]
Event: 1.391 Thread 0x000001a44b002800 Exception <a 'java/lang/ClassNotFoundException'{0x0000000089205ab8}: com/sun/swing/internal/plaf/synth/resources/spi/synthProvider> (0x0000000089205ab8) 
thrown [t:/workspace/open/src/hotspot/share/classfile/systemDictionary.cpp, line 232]
Event: 1.488 Thread 0x000001a44b002800 Exception <a 'java/lang/NoSuchMethodError'{0x00000000892dc758}: 'void java.lang.invoke.DirectMethodHandle$Holder.invokeStaticInit(java.lang.Object)'> (0x00000000892dc758) 
thrown [t:/workspace/open/src/hotspot/share/interpreter/linkResolver.cpp, line 767]
Event: 1.494 Thread 0x000001a44b002800 Exception <a 'java/lang/NoSuchMethodError'{0x0000000089103ac0}: 'java.lang.Object java.lang.invoke.Invokers$Holder.linkToTargetMethod(java.lang.Object, int, java.lang.Object)'> (0x0000000089103ac0) 
thrown [t:/workspace/open/src/hotspot/share/interpreter/linkResolver.cpp, line 767]
Event: 2.516 Thread 0x000001a44b002800 Implicit null exception at 0x000001a43a34b75f to 0x000001a43a34bcb7
Event: 2.516 Thread 0x000001a44b002800 Implicit null exception at 0x000001a43a346135 to 0x000001a43a3467ce
Event: 2.517 Thread 0x000001a44b002800 Implicit null exception at 0x000001a43a34b75f to 0x000001a43a34bcb7
Event: 2.517 Thread 0x000001a44b002800 Implicit null exception at 0x000001a43a346135 to 0x000001a43a3467ce
Event: 2.517 Thread 0x000001a44b002800 Implicit null exception at 0x000001a43a34b75f to 0x000001a43a34bcb7

Events (20 events):
Event: 126.189 Executing VM operation: GetAllStackTraces
Event: 126.189 Executing VM operation: GetAllStackTraces done
Event: 126.204 Executing VM operation: GetAllStackTraces
Event: 126.204 Executing VM operation: GetAllStackTraces done
Event: 126.219 Executing VM operation: GetAllStackTraces
Event: 126.220 Executing VM operation: GetAllStackTraces done
Event: 126.235 Executing VM operation: GetAllStackTraces
Event: 126.236 Executing VM operation: GetAllStackTraces done
Event: 126.250 Executing VM operation: GetAllStackTraces
Event: 126.251 Executing VM operation: GetAllStackTraces done
Event: 126.266 Executing VM operation: GetAllStackTraces
Event: 126.266 Executing VM operation: GetAllStackTraces done
Event: 126.281 Executing VM operation: GetAllStackTraces
Event: 126.282 Executing VM operation: GetAllStackTraces done
Event: 126.282 loading class org/netbeans/lib/profiler/wireprotocol/EventBufferDumpedCommand
Event: 126.282 loading class org/netbeans/lib/profiler/wireprotocol/EventBufferDumpedCommand done
Event: 126.284 loading class org/netbeans/lib/profiler/wireprotocol/DumpResultsResponse
Event: 126.284 loading class org/netbeans/lib/profiler/wireprotocol/DumpResultsResponse done
Event: 126.285 loading class org/netbeans/lib/profiler/wireprotocol/GetMethodNamesForJMethodIdsCommand
Event: 126.286 loading class org/netbeans/lib/profiler/wireprotocol/GetMethodNamesForJMethodIdsCommand done


Dynamic libraries:
0x00007ff75f930000 - 0x00007ff75f93f000 	C:\Program Files\Java\jdk-13.0.1\bin\java.exe
0x00007ffbcd480000 - 0x00007ffbcd66d000 	C:\windows\SYSTEM32\ntdll.dll
0x00007ffbcd1d0000 - 0x00007ffbcd283000 	C:\windows\System32\KERNEL32.DLL
0x00007ffbc9670000 - 0x00007ffbc9903000 	C:\windows\System32\KERNELBASE.dll
0x00007ffbc9af0000 - 0x00007ffbc9bea000 	C:\windows\System32\ucrtbase.dll
0x00007ffb9a090000 - 0x00007ffb9a0a5000 	C:\Program Files\Java\jdk-13.0.1\bin\VCRUNTIME140.dll
0x00007ffbbfeb0000 - 0x00007ffbbfec8000 	C:\Program Files\Java\jdk-13.0.1\bin\jli.dll
0x00007ffbccad0000 - 0x00007ffbccb73000 	C:\windows\System32\ADVAPI32.dll
0x00007ffbcc380000 - 0x00007ffbcc41e000 	C:\windows\System32\msvcrt.dll
0x00007ffbcbe60000 - 0x00007ffbcbefe000 	C:\windows\System32\sechost.dll
0x00007ffbcc420000 - 0x00007ffbcc542000 	C:\windows\System32\RPCRT4.dll
0x00007ffbccc10000 - 0x00007ffbccda7000 	C:\windows\System32\USER32.dll
0x00007ffbc9650000 - 0x00007ffbc9670000 	C:\windows\System32\win32u.dll
0x00007ffbcce70000 - 0x00007ffbcce99000 	C:\windows\System32\GDI32.dll
0x00007ffbbbfd0000 - 0x00007ffbbc249000 	C:\windows\WinSxS\amd64_microsoft.windows.common-controls_6595b64144ccf1df_6.0.17763.914_none_05b346b2072102f2\COMCTL32.dll
0x00007ffbc9cb0000 - 0x00007ffbc9e49000 	C:\windows\System32\gdi32full.dll
0x00007ffbccea0000 - 0x00007ffbcd1cc000 	C:\windows\System32\combase.dll
0x00007ffbc9c10000 - 0x00007ffbc9cb0000 	C:\windows\System32\msvcp_win.dll
0x00007ffbc9540000 - 0x00007ffbc95be000 	C:\windows\System32\bcryptPrimitives.dll
0x00007ffbc1690000 - 0x00007ffbc169a000 	C:\windows\SYSTEM32\VERSION.dll
0x00007ffbccbe0000 - 0x00007ffbccc0e000 	C:\windows\System32\IMM32.DLL
0x00007ffb885c0000 - 0x00007ffb8865b000 	C:\Program Files\Java\jdk-13.0.1\bin\msvcp140.dll
0x00007ffb7f0f0000 - 0x00007ffb7fc56000 	C:\Program Files\Java\jdk-13.0.1\bin\server\jvm.dll
0x00007ffbbb110000 - 0x00007ffbbb134000 	C:\windows\SYSTEM32\WINMM.dll
0x00007ffbcd290000 - 0x00007ffbcd298000 	C:\windows\System32\PSAPI.DLL
0x00007ffbbb0e0000 - 0x00007ffbbb10d000 	C:\windows\SYSTEM32\winmmbase.dll
0x00007ffbca650000 - 0x00007ffbca69a000 	C:\windows\System32\cfgmgr32.dll
0x00007ffbb5560000 - 0x00007ffbb5569000 	C:\windows\SYSTEM32\WSOCK32.dll
0x00007ffbcc820000 - 0x00007ffbcc88d000 	C:\windows\System32\WS2_32.dll
0x00007ffbc9520000 - 0x00007ffbc9531000 	C:\windows\System32\kernel.appcore.dll
0x00007ffbc18a0000 - 0x00007ffbc18b0000 	C:\Program Files\Java\jdk-13.0.1\bin\verify.dll
0x00007ffbc7e20000 - 0x00007ffbc800d000 	C:\windows\SYSTEM32\DBGHELP.DLL
0x00007ffbbb210000 - 0x00007ffbbb23a000 	C:\windows\SYSTEM32\dbgcore.DLL
0x00007ffb8f000000 - 0x00007ffb8f026000 	C:\Program Files\Java\jdk-13.0.1\bin\java.dll
0x00007ffbc21a0000 - 0x00007ffbc21af000 	C:\Program Files\NetBeans-11.2\netbeans\profiler\lib\deployed\jdk16\windows-amd64\profilerinterface.dll
0x00007ffb993e0000 - 0x00007ffb993f7000 	C:\Program Files\Java\jdk-13.0.1\bin\zip.dll
0x00007ffbc0470000 - 0x00007ffbc047a000 	C:\Program Files\Java\jdk-13.0.1\bin\jimage.dll
0x00007ffbca8b0000 - 0x00007ffbcbda4000 	C:\windows\System32\SHELL32.dll
0x00007ffbcc560000 - 0x00007ffbcc608000 	C:\windows\System32\shcore.dll
0x00007ffbc9e50000 - 0x00007ffbca59d000 	C:\windows\System32\windows.storage.dll
0x00007ffbc94d0000 - 0x00007ffbc94f4000 	C:\windows\System32\profapi.dll
0x00007ffbc9470000 - 0x00007ffbc94cd000 	C:\windows\System32\powrprof.dll
0x00007ffbccdb0000 - 0x00007ffbcce02000 	C:\windows\System32\shlwapi.dll
0x00007ffbc9bf0000 - 0x00007ffbc9c07000 	C:\windows\System32\cryptsp.dll
0x00007ffb99030000 - 0x00007ffb99049000 	C:\Program Files\Java\jdk-13.0.1\bin\net.dll
0x00007ffbbc9e0000 - 0x00007ffbbcad2000 	C:\windows\SYSTEM32\WINHTTP.dll
0x00007ffbc8c80000 - 0x00007ffbc8ce7000 	C:\windows\system32\mswsock.dll
0x00007ffb984c0000 - 0x00007ffb984d3000 	C:\Program Files\Java\jdk-13.0.1\bin\nio.dll
0x00007ffbbc720000 - 0x00007ffbbc729000 	C:\Program Files\Java\jdk-13.0.1\bin\management.dll
0x00007ffbbbbe0000 - 0x00007ffbbbbeb000 	C:\Program Files\Java\jdk-13.0.1\bin\management_ext.dll
0x00007ffbc8800000 - 0x00007ffbc8833000 	C:\windows\system32\rsaenh.dll
0x00007ffbc9620000 - 0x00007ffbc9646000 	C:\windows\System32\bcrypt.dll
0x00007ffbc9370000 - 0x00007ffbc9398000 	C:\windows\SYSTEM32\USERENV.dll
0x00007ffbc8ee0000 - 0x00007ffbc8eec000 	C:\windows\SYSTEM32\CRYPTBASE.dll
0x00007ffbc89a0000 - 0x00007ffbc89dd000 	C:\windows\SYSTEM32\IPHLPAPI.DLL
0x00007ffbccac0000 - 0x00007ffbccac8000 	C:\windows\System32\NSI.dll
0x00007ffbbe2e0000 - 0x00007ffbbe2f6000 	C:\windows\SYSTEM32\dhcpcsvc6.DLL
0x00007ffbbf840000 - 0x00007ffbbf85c000 	C:\windows\SYSTEM32\dhcpcsvc.DLL
0x00007ffbc89e0000 - 0x00007ffbc8aa6000 	C:\windows\SYSTEM32\DNSAPI.dll
0x00007ffb83280000 - 0x00007ffb83419000 	C:\Program Files\Java\jdk-13.0.1\bin\awt.dll
0x00007ffbcc9f0000 - 0x00007ffbccab4000 	C:\windows\System32\OLEAUT32.dll
0x00007ffbc3250000 - 0x00007ffbc380e000 	C:\windows\SYSTEM32\d2d1.dll
0x00007ffbc3fe0000 - 0x00007ffbc406c000 	C:\windows\SYSTEM32\apphelp.dll
0x00007ffbc4580000 - 0x00007ffbc461c000 	C:\windows\system32\uxtheme.dll
0x00007ffbcc6b0000 - 0x00007ffbcc81c000 	C:\windows\System32\MSCTF.dll
0x00007ffbc77a0000 - 0x00007ffbc77ce000 	C:\windows\system32\dwmapi.dll
0x00007ffbc9910000 - 0x00007ffbc9aeb000 	C:\windows\System32\CRYPT32.dll
0x00007ffbc9500000 - 0x00007ffbc9512000 	C:\windows\System32\MSASN1.dll
0x00007ffbcc890000 - 0x00007ffbcc9e5000 	C:\windows\System32\ole32.dll
0x00007ffb8dbe0000 - 0x00007ffb8dc62000 	C:\Program Files\Java\jdk-13.0.1\bin\freetype.dll
0x00007ffb831d0000 - 0x00007ffb83276000 	C:\Program Files\Java\jdk-13.0.1\bin\fontmanager.dll
0x00007ffb9d8d0000 - 0x00007ffb9d9f7000 	C:\windows\system32\opengl32.dll
0x00007ffbaee30000 - 0x00007ffbaee5c000 	C:\windows\SYSTEM32\GLU32.dll
0x00007ffbcbdb0000 - 0x00007ffbcbe52000 	C:\windows\System32\clbcatq.dll
0x00007ffbb9f10000 - 0x00007ffbba0c8000 	C:\windows\SYSTEM32\WindowsCodecs.dll
0x00007ffbac280000 - 0x00007ffbac2d6000 	C:\windows\system32\dataexchange.dll
0x00007ffbc3810000 - 0x00007ffbc39d3000 	C:\windows\system32\dcomp.dll
0x00007ffbc2fd0000 - 0x00007ffbc324e000 	C:\windows\system32\d3d11.dll
0x00007ffbc81a0000 - 0x00007ffbc8262000 	C:\windows\system32\dxgi.dll
0x00007ffbc77d0000 - 0x00007ffbc79dd000 	C:\windows\system32\twinapi.appcore.dll
0x00007ffbc79e0000 - 0x00007ffbc7a08000 	C:\windows\system32\RMCLIENT.dll
0x00007ffbb1030000 - 0x00007ffbb10c5000 	C:\windows\System32\TextInputFramework.dll
0x00007ffbc3d40000 - 0x00007ffbc3e22000 	C:\windows\System32\CoreMessaging.dll
0x00007ffbba0d0000 - 0x00007ffbba3f2000 	C:\windows\System32\CoreUIComponents.dll
0x00007ffbc2430000 - 0x00007ffbc2583000 	C:\windows\SYSTEM32\wintypes.dll
0x00007ffbc84e0000 - 0x00007ffbc8511000 	C:\windows\SYSTEM32\ntmarta.dll

dbghelp: loaded successfully - version: 4.0.5 - missing functions: none
symbol engine: initialized successfully - sym options: 0x614 - pdb path: .;C:\Program Files\Java\jdk-13.0.1\bin;C:\windows\SYSTEM32;C:\windows\WinSxS\amd64_microsoft.windows.common-controls_6595b64144ccf1df_6.0.17763.914_none_05b346b2072102f2;C:\Program Files\Java\jdk-13.0.1\bin\server;C:\Program Files\NetBeans-11.2\netbeans\profiler\lib\deployed\jdk16\windows-amd64

VM Arguments:
jvm_args: -Dfile.encoding=UTF-8 -agentpath:C:/Program Files/NetBeans-11.2/netbeans/profiler/lib/deployed/jdk16/windows-amd64/profilerinterface.dll=C:\Program Files\NetBeans-11.2\netbeans\profiler\lib,5140,10 -XX:+HeapDumpOnOutOfMemoryError -XX:HeapDumpPath=C:\Users\Esada Licina\BSP\GCD__Algorithms\nbproject\private\profiler 
java_command: MainFrame
java_class_path (initial): C:\Users\Esada Licina\BSP\GCD__Algorithms\build\classes
Launcher Type: SUN_STANDARD

[Global flags]
     intx CICompilerCount                          = 4                                         {product} {ergonomic}
     uint ConcGCThreads                            = 2                                         {product} {ergonomic}
     uint G1ConcRefinementThreads                  = 8                                         {product} {ergonomic}
   size_t G1HeapRegionSize                         = 1048576                                   {product} {ergonomic}
    uintx GCDrainStackTargetSize                   = 64                                        {product} {ergonomic}
     bool HeapDumpOnOutOfMemoryError               = true                                   {manageable} {command line}
    ccstr HeapDumpPath                             = C:\Users\Esada Licina\BSP\GCD__Algorithms\nbproject\private\profiler         {manageable} {command line}
   size_t InitialHeapSize                          = 134217728                                 {product} {ergonomic}
   size_t MarkStackSize                            = 4194304                                   {product} {ergonomic}
   size_t MaxHeapSize                              = 2118123520                                {product} {ergonomic}
   size_t MaxNewSize                               = 1270874112                                {product} {ergonomic}
   size_t MinHeapDeltaBytes                        = 1048576                                   {product} {ergonomic}
   size_t MinHeapSize                              = 8388608                                   {product} {ergonomic}
    uintx NonNMethodCodeHeapSize                   = 5836300                                {pd product} {ergonomic}
    uintx NonProfiledCodeHeapSize                  = 122910970                              {pd product} {ergonomic}
    uintx ProfiledCodeHeapSize                     = 122910970                              {pd product} {ergonomic}
    uintx ReservedCodeCacheSize                    = 251658240                              {pd product} {ergonomic}
     bool SegmentedCodeCache                       = true                                      {product} {ergonomic}
   size_t SoftMaxHeapSize                          = 2118123520                             {manageable} {ergonomic}
     bool UseCompressedClassPointers               = true                                 {lp64_product} {ergonomic}
     bool UseCompressedOops                        = true                                 {lp64_product} {ergonomic}
     bool UseG1GC                                  = true                                      {product} {ergonomic}
     bool UseLargePagesIndividualAllocation        = false                                  {pd product} {ergonomic}

Logging:
Log output configuration:
 #0: stdout all=warning uptime,level,tags
 #1: stderr all=off uptime,level,tags

Environment Variables:
PATH=C:\windows\system32;C:\windows;C:\windows\System32\Wbem;C:\windows\System32\WindowsPowerShell\v1.0\;C:\windows\System32\OpenSSH\;C:\Users\Esada Licina\AppData\Local\Programs\Python\Python37\Scripts\;C:\Users\Esada Licina\AppData\Local\Programs\Python\Python37\;C:\Users\Esada Licina\AppData\Local\Microsoft\WindowsApps;
USERNAME=Esada Licina
OS=Windows_NT
PROCESSOR_IDENTIFIER=Intel64 Family 6 Model 142 Stepping 11, GenuineIntel



---------------  S Y S T E M  ---------------

OS: Windows 10 , 64 bit Build 17763 (10.0.17763.475)

CPU:total 8 (initial active 8) (4 cores per cpu, 2 threads per core) family 6 model 142 stepping 11, cmov, cx8, fxsr, mmx, sse, sse2, sse3, ssse3, sse4.1, sse4.2, popcnt, avx, avx2, aes, clmul, erms, 3dnowpref, lzcnt, ht, tsc, tscinvbit, bmi1, bmi2, adx, fma

Memory: 4k page, system-wide physical 8079M (2453M free)
TotalPageFile size 10767M (AvailPageFile size 4131M)
current process WorkingSet (physical memory assigned to process): 167M, peak: 192M
current process commit charge ("private bytes"): 252M, peak: 277M

vm_info: Java HotSpot(TM) 64-Bit Server VM (13.0.1+9) for windows-amd64 JRE (13.0.1+9), built on Oct  6 2019 12:37:49 by "mach5one" with unknown MS VC++:1916

END.
